# JRE version: Java(TM) SE Runtime Environment (8.0_144-b01) (build 1.8.0_144-b01)
# Java VM: Java HotSpot(TM) 64-Bit Server VM (25.144-b01 mixed mode bsd-amd64 compressed oops)
Heap:
 PSYoungGen      total 76288K, used 50400K [0x000000076ab00000, 0x0000000773a00000, 0x00000007c0000000)
  eden space 65536K, 76% used [0x000000076ab00000,0x000000076dc380a0,0x000000076eb00000)
  from space 10752K, 0% used [0x000000076f580000,0x000000076f580000,0x0000000770000000)
  to   space 10752K, 0% used [0x000000076eb00000,0x000000076eb00000,0x000000076f580000)
 ParOldGen       total 272896K, used 67127K [0x00000006c0000000, 0x00000006d0a80000, 0x000000076ab00000)
  object space 272896K, 24% used [0x00000006c0000000,0x00000006c418dd50,0x00000006d0a80000)
 Metaspace       used 12065K, capacity 12320K, committed 12416K, reserved 1060864K
  class space    used 1473K, capacity 1568K, committed 1664K, reserved 1048576K
GC Heap History (10 events):
Event: 10.614 GC heap before
{Heap before GC invocations=2 (full 0):
 PSYoungGen      total 76288K, used 76261K [0x000000076ab00000, 0x0000000770000000, 0x00000007c0000000)
  eden space 65536K, 100% used [0x000000076ab00000,0x000000076eb00000,0x000000076eb00000)
  from space 10752K, 99% used [0x000000076eb00000,0x000000076f579530,0x000000076f580000)
  to   space 10752K, 0% used [0x000000076f580000,0x000000076f580000,0x0000000770000000)
 ParOldGen       total 175104K, used 4720K [0x00000006c0000000, 0x00000006cab00000, 0x000000076ab00000)
  object space 175104K, 2% used [0x00000006c0000000,0x00000006c049c228,0x00000006cab00000)
 Metaspace       used 11783K, capacity 12032K, committed 12288K, reserved 1060864K
  class space    used 1402K, capacity 1472K, committed 1536K, reserved 1048576K
Event: 10.648 GC heap after
Heap after GC invocations=2 (full 0):
 PSYoungGen      total 76288K, used 2890K [0x000000076ab00000, 0x0000000770000000, 0x00000007c0000000)
  eden space 65536K, 0% used [0x000000076ab00000,0x000000076ab00000,0x000000076eb00000)
  from space 10752K, 26% used [0x000000076f580000,0x000000076f8529b8,0x0000000770000000)
  to   space 10752K, 0% used [0x000000076eb00000,0x000000076eb00000,0x000000076f580000)
 ParOldGen       total 175104K, used 92436K [0x00000006c0000000, 0x00000006cab00000, 0x000000076ab00000)
  object space 175104K, 52% used [0x00000006c0000000,0x00000006c5a45198,0x00000006cab00000)
 Metaspace       used 11783K, capacity 12032K, committed 12288K, reserved 1060864K
  class space    used 1402K, capacity 1472K, committed 1536K, reserved 1048576K
}
Event: 10.648 GC heap before
{Heap before GC invocations=3 (full 1):
 PSYoungGen      total 76288K, used 2890K [0x000000076ab00000, 0x0000000770000000, 0x00000007c0000000)
  eden space 65536K, 0% used [0x000000076ab00000,0x000000076ab00000,0x000000076eb00000)
  from space 10752K, 26% used [0x000000076f580000,0x000000076f8529b8,0x0000000770000000)
  to   space 10752K, 0% used [0x000000076eb00000,0x000000076eb00000,0x000000076f580000)
 ParOldGen       total 175104K, used 92436K [0x00000006c0000000, 0x00000006cab00000, 0x000000076ab00000)
  object space 175104K, 52% used [0x00000006c0000000,0x00000006c5a45198,0x00000006cab00000)
 Metaspace       used 11783K, capacity 12032K, committed 12288K, reserved 1060864K
  class space    used 1402K, capacity 1472K, committed 1536K, reserved 1048576K
Event: 10.661 GC heap after
Heap after GC invocations=3 (full 1):
 PSYoungGen      total 76288K, used 0K [0x000000076ab00000, 0x0000000770000000, 0x00000007c0000000)
  eden space 65536K, 0% used [0x000000076ab00000,0x000000076ab00000,0x000000076eb00000)
  from space 10752K, 0% used [0x000000076f580000,0x000000076f580000,0x0000000770000000)
  to   space 10752K, 0% used [0x000000076eb00000,0x000000076eb00000,0x000000076f580000)
 ParOldGen       total 210944K, used 36643K [0x00000006c0000000, 0x00000006cce00000, 0x000000076ab00000)
  object space 210944K, 17% used [0x00000006c0000000,0x00000006c23c8fe0,0x00000006cce00000)
 Metaspace       used 11783K, capacity 12032K, committed 12288K, reserved 1060864K
  class space    used 1402K, capacity 1472K, committed 1536K, reserved 1048576K
}
Event: 13.159 GC heap before
{Heap before GC invocations=4 (full 1):
 PSYoungGen      total 76288K, used 65536K [0x000000076ab00000, 0x0000000770000000, 0x00000007c0000000)
  eden space 65536K, 100% used [0x000000076ab00000,0x000000076eb00000,0x000000076eb00000)
  from space 10752K, 0% used [0x000000076f580000,0x000000076f580000,0x0000000770000000)
  to   space 10752K, 0% used [0x000000076eb00000,0x000000076eb00000,0x000000076f580000)
 ParOldGen       total 210944K, used 36643K [0x00000006c0000000, 0x00000006cce00000, 0x000000076ab00000)
  object space 210944K, 17% used [0x00000006c0000000,0x00000006c23c8fe0,0x00000006cce00000)
 Metaspace       used 11783K, capacity 12032K, committed 12288K, reserved 1060864K
  class space    used 1402K, capacity 1472K, committed 1536K, reserved 1048576K
Event: 13.160 GC heap after
Heap after GC invocations=4 (full 1):
 PSYoungGen      total 76288K, used 160K [0x000000076ab00000, 0x0000000770000000, 0x00000007c0000000)
  eden space 65536K, 0% used [0x000000076ab00000,0x000000076ab00000,0x000000076eb00000)
  from space 10752K, 1% used [0x000000076eb00000,0x000000076eb28000,0x000000076f580000)
  to   space 10752K, 0% used [0x000000076f580000,0x000000076f580000,0x0000000770000000)
 ParOldGen       total 210944K, used 36643K [0x00000006c0000000, 0x00000006cce00000, 0x000000076ab00000)
  object space 210944K, 17% used [0x00000006c0000000,0x00000006c23c8fe0,0x00000006cce00000)
 Metaspace       used 11783K, capacity 12032K, committed 12288K, reserved 1060864K
  class space    used 1402K, capacity 1472K, committed 1536K, reserved 1048576K
}
Event: 13.759 GC heap before
{Heap before GC invocations=5 (full 1):
 PSYoungGen      total 76288K, used 50944K [0x000000076ab00000, 0x0000000770000000, 0x00000007c0000000)
  eden space 65536K, 77% used [0x000000076ab00000,0x000000076dc981e8,0x000000076eb00000)
  from space 10752K, 1% used [0x000000076eb00000,0x000000076eb28000,0x000000076f580000)
  to   space 10752K, 0% used [0x000000076f580000,0x000000076f580000,0x0000000770000000)
 ParOldGen       total 210944K, used 36643K [0x00000006c0000000, 0x00000006cce00000, 0x000000076ab00000)
  object space 210944K, 17% used [0x00000006c0000000,0x00000006c23c8fe0,0x00000006cce00000)
 Metaspace       used 12061K, capacity 12320K, committed 12416K, reserved 1060864K
  class space    used 1472K, capacity 1568K, committed 1664K, reserved 1048576K
Event: 13.782 GC heap after
Heap after GC invocations=5 (full 1):
 PSYoungGen      total 76288K, used 8759K [0x000000076ab00000, 0x0000000773a00000, 0x00000007c0000000)
  eden space 65536K, 0% used [0x000000076ab00000,0x000000076ab00000,0x000000076eb00000)
  from space 10752K, 81% used [0x000000076f580000,0x000000076fe0dfb8,0x0000000770000000)
  to   space 10752K, 0% used [0x000000076eb00000,0x000000076eb00000,0x000000076f580000)
 ParOldGen       total 210944K, used 132543K [0x00000006c0000000, 0x00000006cce00000, 0x000000076ab00000)
  object space 210944K, 62% used [0x00000006c0000000,0x00000006c816ff70,0x00000006cce00000)
 Metaspace       used 12061K, capacity 12320K, committed 12416K, reserved 1060864K
  class space    used 1472K, capacity 1568K, committed 1664K, reserved 1048576K
}
Event: 13.782 GC heap before
{Heap before GC invocations=6 (full 2):
 PSYoungGen      total 76288K, used 8759K [0x000000076ab00000, 0x0000000773a00000, 0x00000007c0000000)
  eden space 65536K, 0% used [0x000000076ab00000,0x000000076ab00000,0x000000076eb00000)
  from space 10752K, 81% used [0x000000076f580000,0x000000076fe0dfb8,0x0000000770000000)
  to   space 10752K, 0% used [0x000000076eb00000,0x000000076eb00000,0x000000076f580000)
 ParOldGen       total 210944K, used 132543K [0x00000006c0000000, 0x00000006cce00000, 0x000000076ab00000)
  object space 210944K, 62% used [0x00000006c0000000,0x00000006c816ff70,0x00000006cce00000)
 Metaspace       used 12061K, capacity 12320K, committed 12416K, reserved 1060864K
  class space    used 1472K, capacity 1568K, committed 1664K, reserved 1048576K
Event: 13.790 GC heap after
Heap after GC invocations=6 (full 2):
 PSYoungGen      total 76288K, used 0K [0x000000076ab00000, 0x0000000773a00000, 0x00000007c0000000)
  eden space 65536K, 0% used [0x000000076ab00000,0x000000076ab00000,0x000000076eb00000)
  from space 10752K, 0% used [0x000000076f580000,0x000000076f580000,0x0000000770000000)
  to   space 10752K, 0% used [0x000000076eb00000,0x000000076eb00000,0x000000076f580000)
 ParOldGen       total 272896K, used 67127K [0x00000006c0000000, 0x00000006d0a80000, 0x000000076ab00000)
  object space 272896K, 24% used [0x00000006c0000000,0x00000006c418dd50,0x00000006d0a80000)
 Metaspace       used 12061K, capacity 12320K, committed 12416K, reserved 1060864K
  class space    used 1472K, capacity 1568K, committed 1664K, reserved 1048576K
}

